<?xml version="1.0" encoding="UTF-8" ?>
<testsuite tests="14" failures="0" name="edu.pitt.cs.cs1632.RunCucumberTest" time="0.54" errors="0" skipped="0">
  <properties>
[...]
</properties>
  <testcase classname="Rent-A-Cat listing" name="List available cats with no cats" time="0.232"/>
  <testcase classname="Rent-A-Cat listing" name="List available cats with 1 cat" time="0.018"/>
  <testcase classname="Rent-A-Cat listing" name="List available cats with 2 cats" time="0.054"/>
  <testcase classname="Rent-A-Cat listing" name="List available cats with 3 cats" time="0.037"/>
  <testcase classname="Rent-A-Cat renting" name="Attempt to rent a cat that does not exist" time="0.016"/>
  <testcase classname="Rent-A-Cat renting" name="Attempt to rent the same cat twice" time="0.027"/>
  <testcase classname="Rent-A-Cat renting" name="Rent the first cat out of the list of cats" time="0.017"/>
  <testcase classname="Rent-A-Cat renting" name="Rent the last cat out of the list of cats" time="0.031"/>
  <testcase classname="Rent-A-Cat renting" name="Rent a middling cat out of the list of cats" time="0.026"/>
  <testcase classname="Rent-A-Cat returning" name="Attempt to return a cat that does not exist" time="0.012"/>
  <testcase classname="Rent-A-Cat returning" name="Rent a cat and attempt to return the same cat twice" time="0.02"/>
  <testcase classname="Rent-A-Cat returning" name="Rent the first cat and then return the first cat" time="0.02"/>
  <testcase classname="Rent-A-Cat returning" name="Rent the last cat and then return the last cat" time="0.013"/>
  <testcase classname="Rent-A-Cat returning" name="Rent a middling cat and then return that cat" time="0.017"/>
</testsuite>